{"/home/chisto/Apps/Personal/Ntt Data/ntt_data/src/app/core/guards/auth.guard.ts": {"path":"/home/chisto/Apps/Personal/Ntt Data/ntt_data/src/app/core/guards/auth.guard.ts","statementMap":{"0":{"start":{"line":1,"column":0},"end":{"line":1,"column":43}},"1":{"start":{"line":2,"column":0},"end":{"line":2,"column":54}},"2":{"start":{"line":6,"column":22},"end":{"line":6,"column":30}},"3":{"start":{"line":10,"column":4},"end":{"line":10,"column":16}},"4":{"start":{"line":5,"column":13},"end":{"line":12,"column":null}},"5":{"start":{"line":5,"column":13},"end":{"line":5,"column":22}}},"fnMap":{"0":{"name":"(anonymous_0)","decl":{"start":{"line":6,"column":2},"end":{"line":6,"column":22}},"loc":{"start":{"line":6,"column":36},"end":{"line":6,"column":40}}},"1":{"name":"(anonymous_1)","decl":{"start":{"line":8,"column":2},"end":{"line":8,"column":13}},"loc":{"start":{"line":8,"column":13},"end":{"line":11,"column":3}}}},"branchMap":{},"s":{"0":1,"1":1,"2":1,"3":0,"4":1,"5":1},"f":{"0":1,"1":0},"b":{}}
,"/home/chisto/Apps/Personal/Ntt Data/ntt_data/src/app/core/interceptors/api.interceptor.ts": {"path":"/home/chisto/Apps/Personal/Ntt Data/ntt_data/src/app/core/interceptors/api.interceptor.ts","statementMap":{"0":{"start":{"line":1,"column":0},"end":{"line":1,"column":43}},"1":{"start":{"line":6,"column":7},"end":{"line":15,"column":null}},"2":{"start":{"line":8,"column":19},"end":{"line":12,"column":6}},"3":{"start":{"line":13,"column":4},"end":{"line":13,"column":31}},"4":{"start":{"line":6,"column":13},"end":{"line":15,"column":null}},"5":{"start":{"line":6,"column":13},"end":{"line":6,"column":27}}},"fnMap":{"0":{"name":"(anonymous_0)","decl":{"start":{"line":7,"column":2},"end":{"line":7,"column":11}},"loc":{"start":{"line":7,"column":52},"end":{"line":14,"column":3}}}},"branchMap":{},"s":{"0":1,"1":1,"2":0,"3":0,"4":1,"5":1},"f":{"0":0},"b":{}}
,"/home/chisto/Apps/Personal/Ntt Data/ntt_data/src/app/features/products/components/product-table/product-table.component.html": {"path":"/home/chisto/Apps/Personal/Ntt Data/ntt_data/src/app/features/products/components/product-table/product-table.component.html","statementMap":{"0":{"start":{"line":1,"column":0},"end":{"line":1,"column":2542}}},"fnMap":{},"branchMap":{},"s":{"0":1},"f":{},"b":{},"_coverageSchema":"1a1c01bbd47fc00a2c39e90264f33305004495a9","hash":"0231f9e5e16d62d74cac11ce0ac2021190feef84"}
,"/home/chisto/Apps/Personal/Ntt Data/ntt_data/src/app/features/products/components/product-table/product-table.component.ts": {"path":"/home/chisto/Apps/Personal/Ntt Data/ntt_data/src/app/features/products/components/product-table/product-table.component.ts","statementMap":{"0":{"start":{"line":1,"column":0},"end":{"line":1,"column":50}},"1":{"start":{"line":2,"column":0},"end":{"line":2,"column":41}},"2":{"start":{"line":4,"column":0},"end":{"line":4,"column":64}},"3":{"start":{"line":23,"column":12},"end":{"line":23,"column":20}},"4":{"start":{"line":24,"column":12},"end":{"line":24,"column":28}},"5":{"start":{"line":13,"column":2},"end":{"line":13,"column":30}},"6":{"start":{"line":14,"column":2},"end":{"line":14,"column":35}},"7":{"start":{"line":15,"column":2},"end":{"line":15,"column":36}},"8":{"start":{"line":17,"column":2},"end":{"line":17,"column":26}},"9":{"start":{"line":18,"column":2},"end":{"line":18,"column":19}},"10":{"start":{"line":19,"column":2},"end":{"line":19,"column":19}},"11":{"start":{"line":20,"column":2},"end":{"line":20,"column":41}},"12":{"start":{"line":31,"column":4},"end":{"line":31,"column":24}},"13":{"start":{"line":38,"column":4},"end":{"line":44,"column":7}},"14":{"start":{"line":40,"column":8},"end":{"line":40,"column":32}},"15":{"start":{"line":41,"column":8},"end":{"line":41,"column":27}},"16":{"start":{"line":43,"column":20},"end":{"line":43,"column":66}},"17":{"start":{"line":51,"column":4},"end":{"line":51,"column":90}},"18":{"start":{"line":52,"column":4},"end":{"line":52,"column":18}},"19":{"start":{"line":53,"column":4},"end":{"line":53,"column":28}},"20":{"start":{"line":60,"column":4},"end":{"line":60,"column":103}},"21":{"start":{"line":67,"column":20},"end":{"line":67,"column":71}},"22":{"start":{"line":68,"column":4},"end":{"line":71,"column":null}},"23":{"start":{"line":69,"column":6},"end":{"line":69,"column":18}},"24":{"start":{"line":70,"column":6},"end":{"line":70,"column":30}},"25":{"start":{"line":78,"column":4},"end":{"line":81,"column":null}},"26":{"start":{"line":79,"column":6},"end":{"line":79,"column":18}},"27":{"start":{"line":80,"column":6},"end":{"line":80,"column":30}},"28":{"start":{"line":89,"column":20},"end":{"line":89,"column":75}},"29":{"start":{"line":90,"column":4},"end":{"line":90,"column":45}},"30":{"start":{"line":91,"column":4},"end":{"line":91,"column":18}},"31":{"start":{"line":92,"column":4},"end":{"line":92,"column":28}},"32":{"start":{"line":99,"column":4},"end":{"line":99,"column":43}},"33":{"start":{"line":107,"column":4},"end":{"line":107,"column":69}},"34":{"start":{"line":115,"column":4},"end":{"line":115,"column":44}},"35":{"start":{"line":116,"column":4},"end":{"line":116,"column":46}},"36":{"start":{"line":125,"column":4},"end":{"line":130,"column":21}},"37":{"start":{"line":127,"column":19},"end":{"line":127,"column":33}},"38":{"start":{"line":11,"column":13},"end":{"line":132,"column":null}},"39":{"start":{"line":11,"column":13},"end":{"line":11,"column":34}}},"fnMap":{"0":{"name":"(anonymous_0)","decl":{"start":{"line":22,"column":2},"end":{"line":22,"column":null}},"loc":{"start":{"line":24,"column":42},"end":{"line":25,"column":6}}},"1":{"name":"(anonymous_1)","decl":{"start":{"line":30,"column":2},"end":{"line":30,"column":10}},"loc":{"start":{"line":30,"column":10},"end":{"line":32,"column":3}}},"2":{"name":"(anonymous_2)","decl":{"start":{"line":37,"column":10},"end":{"line":37,"column":22}},"loc":{"start":{"line":37,"column":22},"end":{"line":45,"column":3}}},"3":{"name":"(anonymous_3)","decl":{"start":{"line":39,"column":12},"end":{"line":39,"column":13}},"loc":{"start":{"line":39,"column":25},"end":{"line":42,"column":7}}},"4":{"name":"(anonymous_4)","decl":{"start":{"line":43,"column":13},"end":{"line":43,"column":16}},"loc":{"start":{"line":43,"column":20},"end":{"line":43,"column":66}}},"5":{"name":"(anonymous_5)","decl":{"start":{"line":50,"column":2},"end":{"line":50,"column":13}},"loc":{"start":{"line":50,"column":13},"end":{"line":54,"column":3}}},"6":{"name":"(anonymous_6)","decl":{"start":{"line":59,"column":2},"end":{"line":59,"column":18}},"loc":{"start":{"line":59,"column":18},"end":{"line":61,"column":3}}},"7":{"name":"(anonymous_7)","decl":{"start":{"line":66,"column":2},"end":{"line":66,"column":10}},"loc":{"start":{"line":66,"column":10},"end":{"line":72,"column":3}}},"8":{"name":"(anonymous_8)","decl":{"start":{"line":77,"column":2},"end":{"line":77,"column":10}},"loc":{"start":{"line":77,"column":10},"end":{"line":82,"column":3}}},"9":{"name":"(anonymous_9)","decl":{"start":{"line":88,"column":2},"end":{"line":88,"column":14}},"loc":{"start":{"line":88,"column":27},"end":{"line":93,"column":3}}},"10":{"name":"(anonymous_10)","decl":{"start":{"line":98,"column":2},"end":{"line":98,"column":16}},"loc":{"start":{"line":98,"column":16},"end":{"line":100,"column":3}}},"11":{"name":"(anonymous_11)","decl":{"start":{"line":106,"column":2},"end":{"line":106,"column":16}},"loc":{"start":{"line":106,"column":27},"end":{"line":108,"column":3}}},"12":{"name":"(anonymous_12)","decl":{"start":{"line":114,"column":2},"end":{"line":114,"column":8}},"loc":{"start":{"line":114,"column":25},"end":{"line":117,"column":3}}},"13":{"name":"(anonymous_13)","decl":{"start":{"line":124,"column":2},"end":{"line":124,"column":13}},"loc":{"start":{"line":124,"column":26},"end":{"line":131,"column":3}}},"14":{"name":"(anonymous_14)","decl":{"start":{"line":127,"column":11},"end":{"line":127,"column":15}},"loc":{"start":{"line":127,"column":19},"end":{"line":127,"column":33}}}},"branchMap":{"0":{"loc":{"start":{"line":68,"column":4},"end":{"line":71,"column":null}},"type":"if","locations":[{"start":{"line":68,"column":4},"end":{"line":71,"column":null}}]},"1":{"loc":{"start":{"line":78,"column":4},"end":{"line":81,"column":null}},"type":"if","locations":[{"start":{"line":78,"column":4},"end":{"line":81,"column":null}}]},"2":{"loc":{"start":{"line":90,"column":16},"end":{"line":90,"column":44}},"type":"cond-expr","locations":[{"start":{"line":90,"column":33},"end":{"line":90,"column":34}},{"start":{"line":90,"column":37},"end":{"line":90,"column":44}}]},"3":{"loc":{"start":{"line":107,"column":28},"end":{"line":107,"column":68}},"type":"cond-expr","locations":[{"start":{"line":107,"column":59},"end":{"line":107,"column":63}},{"start":{"line":107,"column":66},"end":{"line":107,"column":68}}]}},"s":{"0":1,"1":1,"2":1,"3":8,"4":8,"5":8,"6":8,"7":8,"8":8,"9":8,"10":8,"11":8,"12":1,"13":1,"14":1,"15":1,"16":0,"17":2,"18":2,"19":2,"20":3,"21":0,"22":0,"23":0,"24":0,"25":0,"26":0,"27":0,"28":0,"29":0,"30":0,"31":0,"32":1,"33":2,"34":1,"35":1,"36":1,"37":3,"38":1,"39":1},"f":{"0":8,"1":1,"2":1,"3":1,"4":0,"5":2,"6":3,"7":0,"8":0,"9":0,"10":1,"11":2,"12":1,"13":1,"14":3},"b":{"0":[0],"1":[0],"2":[0,0],"3":[1,1]}}
,"/home/chisto/Apps/Personal/Ntt Data/ntt_data/src/app/features/products/components/product-update/product-update.component.html": {"path":"/home/chisto/Apps/Personal/Ntt Data/ntt_data/src/app/features/products/components/product-update/product-update.component.html","statementMap":{"0":{"start":{"line":1,"column":0},"end":{"line":1,"column":3323}}},"fnMap":{},"branchMap":{},"s":{"0":1},"f":{},"b":{},"_coverageSchema":"1a1c01bbd47fc00a2c39e90264f33305004495a9","hash":"99c0d91f75c84424988e73f2a6f445bb0cd0246b"}
,"/home/chisto/Apps/Personal/Ntt Data/ntt_data/src/app/features/products/components/product-update/product-update.component.ts": {"path":"/home/chisto/Apps/Personal/Ntt Data/ntt_data/src/app/features/products/components/product-update/product-update.component.ts","statementMap":{"0":{"start":{"line":1,"column":0},"end":{"line":1,"column":50}},"1":{"start":{"line":2,"column":0},"end":{"line":2,"column":41}},"2":{"start":{"line":3,"column":0},"end":{"line":3,"column":38}},"3":{"start":{"line":6,"column":0},"end":{"line":6,"column":64}},"4":{"start":{"line":20,"column":12},"end":{"line":20,"column":20}},"5":{"start":{"line":21,"column":12},"end":{"line":21,"column":28}},"6":{"start":{"line":15,"column":2},"end":{"line":15,"column":23}},"7":{"start":{"line":16,"column":2},"end":{"line":16,"column":23}},"8":{"start":{"line":17,"column":2},"end":{"line":17,"column":49}},"9":{"start":{"line":32,"column":4},"end":{"line":32,"column":70}},"10":{"start":{"line":34,"column":4},"end":{"line":48,"column":9}},"11":{"start":{"line":37,"column":8},"end":{"line":40,"column":null}},"12":{"start":{"line":38,"column":10},"end":{"line":38,"column":46}},"13":{"start":{"line":39,"column":10},"end":{"line":39,"column":17}},"14":{"start":{"line":42,"column":8},"end":{"line":42,"column":46}},"15":{"start":{"line":44,"column":8},"end":{"line":47,"column":null}},"16":{"start":{"line":45,"column":30},"end":{"line":45,"column":65}},"17":{"start":{"line":46,"column":10},"end":{"line":46,"column":116}},"18":{"start":{"line":56,"column":19},"end":{"line":56,"column":31}},"19":{"start":{"line":58,"column":4},"end":{"line":65,"column":7}},"20":{"start":{"line":73,"column":4},"end":{"line":73,"column":47}},"21":{"start":{"line":75,"column":24},"end":{"line":75,"column":48}},"22":{"start":{"line":76,"column":4},"end":{"line":76,"column":110}},"23":{"start":{"line":85,"column":4},"end":{"line":85,"column":28}},"24":{"start":{"line":85,"column":21},"end":{"line":85,"column":28}},"25":{"start":{"line":87,"column":73},"end":{"line":87,"column":85}},"26":{"start":{"line":89,"column":36},"end":{"line":96,"column":6}},"27":{"start":{"line":98,"column":4},"end":{"line":101,"column":7}},"28":{"start":{"line":99,"column":18},"end":{"line":99,"column":92}},"29":{"start":{"line":100,"column":19},"end":{"line":100,"column":84}},"30":{"start":{"line":110,"column":4},"end":{"line":110,"column":35}},"31":{"start":{"line":111,"column":4},"end":{"line":111,"column":30}},"32":{"start":{"line":113,"column":4},"end":{"line":115,"column":13}},"33":{"start":{"line":114,"column":6},"end":{"line":114,"column":34}},"34":{"start":{"line":13,"column":13},"end":{"line":117,"column":null}},"35":{"start":{"line":13,"column":13},"end":{"line":13,"column":35}}},"fnMap":{"0":{"name":"(anonymous_0)","decl":{"start":{"line":19,"column":2},"end":{"line":19,"column":null}},"loc":{"start":{"line":21,"column":42},"end":{"line":22,"column":6}}},"1":{"name":"(anonymous_1)","decl":{"start":{"line":31,"column":2},"end":{"line":31,"column":10}},"loc":{"start":{"line":31,"column":10},"end":{"line":49,"column":3}}},"2":{"name":"(anonymous_2)","decl":{"start":{"line":36,"column":17},"end":{"line":36,"column":32}},"loc":{"start":{"line":36,"column":35},"end":{"line":48,"column":7}}},"3":{"name":"(anonymous_3)","decl":{"start":{"line":55,"column":2},"end":{"line":55,"column":11}},"loc":{"start":{"line":55,"column":24},"end":{"line":66,"column":3}}},"4":{"name":"(anonymous_4)","decl":{"start":{"line":72,"column":2},"end":{"line":72,"column":21}},"loc":{"start":{"line":72,"column":44},"end":{"line":77,"column":3}}},"5":{"name":"(anonymous_5)","decl":{"start":{"line":84,"column":2},"end":{"line":84,"column":10}},"loc":{"start":{"line":84,"column":23},"end":{"line":102,"column":3}}},"6":{"name":"(anonymous_6)","decl":{"start":{"line":99,"column":12},"end":{"line":99,"column":15}},"loc":{"start":{"line":99,"column":18},"end":{"line":99,"column":92}}},"7":{"name":"(anonymous_7)","decl":{"start":{"line":100,"column":13},"end":{"line":100,"column":16}},"loc":{"start":{"line":100,"column":19},"end":{"line":100,"column":84}}},"8":{"name":"(anonymous_8)","decl":{"start":{"line":109,"column":2},"end":{"line":109,"column":16}},"loc":{"start":{"line":109,"column":59},"end":{"line":116,"column":3}}},"9":{"name":"(anonymous_9)","decl":{"start":{"line":113,"column":15},"end":{"line":113,"column":18}},"loc":{"start":{"line":113,"column":20},"end":{"line":115,"column":5}}}},"branchMap":{"0":{"loc":{"start":{"line":37,"column":8},"end":{"line":40,"column":null}},"type":"if","locations":[{"start":{"line":37,"column":8},"end":{"line":40,"column":null}}]},"1":{"loc":{"start":{"line":44,"column":8},"end":{"line":47,"column":null}},"type":"if","locations":[{"start":{"line":44,"column":8},"end":{"line":47,"column":null}}]},"2":{"loc":{"start":{"line":44,"column":12},"end":{"line":44,"column":68}},"type":"binary-expr","locations":[{"start":{"line":44,"column":12},"end":{"line":44,"column":39}},{"start":{"line":44,"column":43},"end":{"line":44,"column":68}}]},"3":{"loc":{"start":{"line":85,"column":4},"end":{"line":85,"column":28}},"type":"if","locations":[{"start":{"line":85,"column":4},"end":{"line":85,"column":28}}]}},"s":{"0":1,"1":1,"2":1,"3":1,"4":4,"5":4,"6":4,"7":4,"8":4,"9":4,"10":4,"11":4,"12":0,"13":0,"14":4,"15":4,"16":4,"17":4,"18":1,"19":1,"20":1,"21":1,"22":1,"23":1,"24":1,"25":0,"26":0,"27":0,"28":0,"29":0,"30":0,"31":0,"32":0,"33":0,"34":1,"35":1},"f":{"0":4,"1":4,"2":4,"3":1,"4":1,"5":1,"6":0,"7":0,"8":0,"9":0},"b":{"0":[0],"1":[4],"2":[4,4],"3":[1]}}
,"/home/chisto/Apps/Personal/Ntt Data/ntt_data/src/app/features/products/services/product.service.ts": {"path":"/home/chisto/Apps/Personal/Ntt Data/ntt_data/src/app/features/products/services/product.service.ts","statementMap":{"0":{"start":{"line":1,"column":0},"end":{"line":1,"column":43}},"1":{"start":{"line":2,"column":0},"end":{"line":2,"column":51}},"2":{"start":{"line":3,"column":0},"end":{"line":3,"column":64}},"3":{"start":{"line":12,"column":22},"end":{"line":12,"column":28}},"4":{"start":{"line":9,"column":10},"end":{"line":9,"column":69}},"5":{"start":{"line":10,"column":2},"end":{"line":10,"column":84}},"6":{"start":{"line":19,"column":4},"end":{"line":19,"column":38}},"7":{"start":{"line":27,"column":4},"end":{"line":27,"column":62}},"8":{"start":{"line":37,"column":22},"end":{"line":37,"column":47}},"9":{"start":{"line":38,"column":4},"end":{"line":41,"column":6}},"10":{"start":{"line":39,"column":6},"end":{"line":40,"column":59}},"11":{"start":{"line":52,"column":18},"end":{"line":52,"column":35}},"12":{"start":{"line":53,"column":4},"end":{"line":53,"column":47}},"13":{"start":{"line":62,"column":4},"end":{"line":62,"column":87}},"14":{"start":{"line":71,"column":4},"end":{"line":71,"column":100}},"15":{"start":{"line":80,"column":4},"end":{"line":80,"column":94}},"16":{"start":{"line":90,"column":19},"end":{"line":90,"column":33}},"17":{"start":{"line":91,"column":4},"end":{"line":91,"column":53}},"18":{"start":{"line":92,"column":4},"end":{"line":92,"column":18}},"19":{"start":{"line":101,"column":4},"end":{"line":101,"column":44}},"20":{"start":{"line":7,"column":13},"end":{"line":103,"column":null}},"21":{"start":{"line":7,"column":13},"end":{"line":7,"column":27}}},"fnMap":{"0":{"name":"(anonymous_0)","decl":{"start":{"line":12,"column":2},"end":{"line":12,"column":22}},"loc":{"start":{"line":12,"column":38},"end":{"line":12,"column":42}}},"1":{"name":"(anonymous_1)","decl":{"start":{"line":18,"column":2},"end":{"line":18,"column":12}},"loc":{"start":{"line":18,"column":29},"end":{"line":20,"column":3}}},"2":{"name":"(anonymous_2)","decl":{"start":{"line":26,"column":2},"end":{"line":26,"column":7}},"loc":{"start":{"line":26,"column":7},"end":{"line":28,"column":3}}},"3":{"name":"(anonymous_3)","decl":{"start":{"line":36,"column":2},"end":{"line":36,"column":8}},"loc":{"start":{"line":36,"column":42},"end":{"line":42,"column":3}}},"4":{"name":"(anonymous_4)","decl":{"start":{"line":38,"column":27},"end":{"line":38,"column":34}},"loc":{"start":{"line":39,"column":6},"end":{"line":40,"column":59}}},"5":{"name":"(anonymous_5)","decl":{"start":{"line":51,"column":2},"end":{"line":51,"column":10}},"loc":{"start":{"line":51,"column":58},"end":{"line":54,"column":3}}},"6":{"name":"(anonymous_6)","decl":{"start":{"line":61,"column":2},"end":{"line":61,"column":8}},"loc":{"start":{"line":61,"column":25},"end":{"line":63,"column":3}}},"7":{"name":"(anonymous_7)","decl":{"start":{"line":70,"column":2},"end":{"line":70,"column":8}},"loc":{"start":{"line":70,"column":25},"end":{"line":72,"column":3}}},"8":{"name":"(anonymous_8)","decl":{"start":{"line":79,"column":2},"end":{"line":79,"column":8}},"loc":{"start":{"line":79,"column":19},"end":{"line":81,"column":3}}},"9":{"name":"(anonymous_9)","decl":{"start":{"line":89,"column":2},"end":{"line":89,"column":10}},"loc":{"start":{"line":89,"column":36},"end":{"line":93,"column":3}}},"10":{"name":"(anonymous_10)","decl":{"start":{"line":100,"column":2},"end":{"line":100,"column":12}},"loc":{"start":{"line":100,"column":23},"end":{"line":102,"column":3}}}},"branchMap":{"0":{"loc":{"start":{"line":39,"column":6},"end":{"line":40,"column":59}},"type":"binary-expr","locations":[{"start":{"line":39,"column":6},"end":{"line":39,"column":52}},{"start":{"line":40,"column":6},"end":{"line":40,"column":59}}]}},"s":{"0":3,"1":3,"2":3,"3":10,"4":10,"5":10,"6":1,"7":1,"8":1,"9":1,"10":2,"11":1,"12":1,"13":1,"14":1,"15":1,"16":1,"17":1,"18":1,"19":1,"20":3,"21":3},"f":{"0":10,"1":1,"2":1,"3":1,"4":2,"5":1,"6":1,"7":1,"8":1,"9":1,"10":1},"b":{"0":[2,1]}}
}
