TN:
SF:src/app/core/guards/auth.guard.ts
FN:6,(anonymous_0)
FN:8,(anonymous_1)
FNF:2
FNH:1
FNDA:1,(anonymous_0)
FNDA:0,(anonymous_1)
DA:1,1
DA:2,1
DA:5,1
DA:6,1
DA:10,0
LF:5
LH:4
BRF:0
BRH:0
end_of_record
TN:
SF:src/app/core/interceptors/api.interceptor.ts
FN:7,(anonymous_0)
FNF:1
FNH:0
FNDA:0,(anonymous_0)
DA:1,1
DA:6,1
DA:8,0
DA:13,0
LF:4
LH:2
BRF:0
BRH:0
end_of_record
TN:
SF:src/app/features/products/components/product-table/product-table.component.html
FNF:0
FNH:0
DA:1,1
LF:1
LH:1
BRF:0
BRH:0
end_of_record
TN:
SF:src/app/features/products/components/product-table/product-table.component.ts
FN:22,(anonymous_0)
FN:30,(anonymous_1)
FN:37,(anonymous_2)
FN:39,(anonymous_3)
FN:43,(anonymous_4)
FN:50,(anonymous_5)
FN:59,(anonymous_6)
FN:66,(anonymous_7)
FN:77,(anonymous_8)
FN:88,(anonymous_9)
FN:98,(anonymous_10)
FN:106,(anonymous_11)
FN:114,(anonymous_12)
FN:124,(anonymous_13)
FN:127,(anonymous_14)
FNF:15
FNH:11
FNDA:8,(anonymous_0)
FNDA:1,(anonymous_1)
FNDA:1,(anonymous_2)
FNDA:1,(anonymous_3)
FNDA:0,(anonymous_4)
FNDA:2,(anonymous_5)
FNDA:3,(anonymous_6)
FNDA:0,(anonymous_7)
FNDA:0,(anonymous_8)
FNDA:0,(anonymous_9)
FNDA:1,(anonymous_10)
FNDA:2,(anonymous_11)
FNDA:1,(anonymous_12)
FNDA:1,(anonymous_13)
FNDA:3,(anonymous_14)
DA:1,1
DA:2,1
DA:4,1
DA:11,1
DA:13,8
DA:14,8
DA:15,8
DA:17,8
DA:18,8
DA:19,8
DA:20,8
DA:23,8
DA:24,8
DA:31,1
DA:38,1
DA:40,1
DA:41,1
DA:43,0
DA:51,2
DA:52,2
DA:53,2
DA:60,3
DA:67,0
DA:68,0
DA:69,0
DA:70,0
DA:78,0
DA:79,0
DA:80,0
DA:89,0
DA:90,0
DA:91,0
DA:92,0
DA:99,1
DA:107,2
DA:115,1
DA:116,1
DA:125,1
DA:127,3
LF:39
LH:27
BRDA:68,0,0,0
BRDA:78,1,0,0
BRDA:90,2,0,0
BRDA:90,2,1,0
BRDA:107,3,0,1
BRDA:107,3,1,1
BRF:6
BRH:2
end_of_record
TN:
SF:src/app/features/products/components/product-update/product-update.component.html
FNF:0
FNH:0
DA:1,1
LF:1
LH:1
BRF:0
BRH:0
end_of_record
TN:
SF:src/app/features/products/components/product-update/product-update.component.ts
FN:19,(anonymous_0)
FN:31,(anonymous_1)
FN:36,(anonymous_2)
FN:55,(anonymous_3)
FN:72,(anonymous_4)
FN:84,(anonymous_5)
FN:99,(anonymous_6)
FN:100,(anonymous_7)
FN:109,(anonymous_8)
FN:113,(anonymous_9)
FNF:10
FNH:6
FNDA:4,(anonymous_0)
FNDA:4,(anonymous_1)
FNDA:4,(anonymous_2)
FNDA:1,(anonymous_3)
FNDA:1,(anonymous_4)
FNDA:1,(anonymous_5)
FNDA:0,(anonymous_6)
FNDA:0,(anonymous_7)
FNDA:0,(anonymous_8)
FNDA:0,(anonymous_9)
DA:1,1
DA:2,1
DA:3,1
DA:6,1
DA:13,1
DA:15,4
DA:16,4
DA:17,4
DA:20,4
DA:21,4
DA:32,4
DA:34,4
DA:37,4
DA:38,0
DA:39,0
DA:42,4
DA:44,4
DA:45,4
DA:46,4
DA:56,1
DA:58,1
DA:73,1
DA:75,1
DA:76,1
DA:85,1
DA:87,0
DA:89,0
DA:98,0
DA:99,0
DA:100,0
DA:110,0
DA:111,0
DA:113,0
DA:114,0
LF:34
LH:23
BRDA:37,0,0,0
BRDA:44,1,0,4
BRDA:44,2,0,4
BRDA:44,2,1,4
BRDA:85,3,0,1
BRF:5
BRH:4
end_of_record
TN:
SF:src/app/features/products/services/product.service.ts
FN:12,(anonymous_0)
FN:18,(anonymous_1)
FN:26,(anonymous_2)
FN:36,(anonymous_3)
FN:38,(anonymous_4)
FN:51,(anonymous_5)
FN:61,(anonymous_6)
FN:70,(anonymous_7)
FN:79,(anonymous_8)
FN:89,(anonymous_9)
FN:100,(anonymous_10)
FNF:11
FNH:11
FNDA:10,(anonymous_0)
FNDA:1,(anonymous_1)
FNDA:1,(anonymous_2)
FNDA:1,(anonymous_3)
FNDA:2,(anonymous_4)
FNDA:1,(anonymous_5)
FNDA:1,(anonymous_6)
FNDA:1,(anonymous_7)
FNDA:1,(anonymous_8)
FNDA:1,(anonymous_9)
FNDA:1,(anonymous_10)
DA:1,3
DA:2,3
DA:3,3
DA:7,3
DA:9,10
DA:10,10
DA:12,10
DA:19,1
DA:27,1
DA:37,1
DA:38,1
DA:39,2
DA:52,1
DA:53,1
DA:62,1
DA:71,1
DA:80,1
DA:90,1
DA:91,1
DA:92,1
DA:101,1
LF:21
LH:21
BRDA:39,0,0,2
BRDA:39,0,1,1
BRF:2
BRH:2
end_of_record
